<?xml version='1.0' encoding='UTF-8'?>
<testsuite hostname="MSI" name="LeapTest" tests="4" errors="0" failures="0" skipped="0" time="0.016" timestamp="2022-01-14T00:38:36">
          <properties>
[...]
</properties>
          <testcase classname="LeapTest" name="year not divisible by 4: common year" time="0.015">
                      
                    </testcase><testcase classname="LeapTest" name="year divisible by 4, not divisible by 100: leap year" time="0.001">
                      
                    </testcase><testcase classname="LeapTest" name="year divisible by 100, not divisible by 400: common year" time="0.0">
                      
                    </testcase><testcase classname="LeapTest" name="year divisible by 400: leap year" time="0.0">
                      
                    </testcase>
          <system-out><![CDATA[]]></system-out>
          <system-err><![CDATA[]]></system-err>
        </testsuite>